<?xml version="1.0" encoding="UTF-8"?>
<!-- Generated by org.testng.reporters.JUnitReportReporter -->
<testsuite hostname="LAPTOP-UF8CEU9M" failures="0" tests="3" name="cucumberOptions.api_testRunner" time="7.687" errors="0" timestamp="2024-07-30T19:06:37 BST" skipped="0">
  <testcase classname="cucumberOptions.api_testRunner" name="runScenario" time="2.424"/>
  <system-out/>
  <testcase classname="cucumberOptions.api_testRunner" name="runScenario" time="1.624"/>
  <system-out/>
  <testcase classname="cucumberOptions.api_testRunner" name="runScenario" time="3.639"/>
  <system-out/>
</testsuite> <!-- cucumberOptions.api_testRunner -->
