<?xml version="1.0" encoding="UTF-8"?>
<!-- Generated by org.testng.reporters.JUnitReportReporter -->
<testsuite hostname="LAPTOP-UF8CEU9M" failures="0" tests="1" name="cucumberOptions.testRunner" time="0.143" errors="0" timestamp="2024-07-30T19:06:53 BST" skipped="0">
  <testcase classname="cucumberOptions.testRunner" name="runScenario" time="0.143"/>
  <system-out/>
</testsuite> <!-- cucumberOptions.testRunner -->
